<?xml version="1.0" encoding="UTF-8"?>
<!-- Generated by org.testng.reporters.JUnitReportReporter -->
<testsuite hostname="TCCTL-013" failures="0" tests="4" name="org.PersonalInfoTest.ProductViewTest" time="49.160" errors="0" timestamp="2023-06-05T20:26:36 IST" skipped="0">
  <testcase classname="org.PersonalInfoTest.ProductViewTest" name="verifyHomePage" time="0.327"/>
  <system-out/>
  <testcase classname="org.PersonalInfoTest.ProductViewTest" name="productViewDetails" time="17.430"/>
  <system-out/>
  <testcase classname="org.PersonalInfoTest.ProductViewTest" name="productDescriptionDetails" time="16.262"/>
  <system-out/>
  <testcase classname="org.PersonalInfoTest.ProductViewTest" name="verifySignUpPage" time="15.141"/>
  <system-out/>
</testsuite> <!-- org.PersonalInfoTest.ProductViewTest -->
