<?xml version="1.0" encoding="UTF-8"?>
<!-- Generated by org.testng.reporters.JUnitReportReporter -->
<testsuite hostname="TCCTL-013" failures="0" tests="2" name="org.PersonalInfoTest.HomeTest" time="12.080" errors="0" timestamp="2023-06-06T16:56:52 IST" skipped="0">
  <testcase classname="org.PersonalInfoTest.HomeTest" name="verifyHomePage" time="0.519"/>
  <system-out/>
  <testcase classname="org.PersonalInfoTest.HomeTest" name="verifyMoreDeals" time="11.561"/>
  <system-out/>
</testsuite> <!-- org.PersonalInfoTest.HomeTest -->
