<?xml version="1.0" encoding="UTF-8"?>
<!-- Generated by org.testng.reporters.JUnitReportReporter -->
<testsuite hostname="TCCTL-013" failures="0" tests="4" name="org.PersonalInfoTest.ProductViewTest" time="67.546" errors="0" timestamp="2023-06-06T16:56:52 IST" skipped="0">
  <testcase classname="org.PersonalInfoTest.ProductViewTest" name="verifyHomePage" time="0.290"/>
  <system-out/>
  <testcase classname="org.PersonalInfoTest.ProductViewTest" name="productViewDetails" time="12.378"/>
  <system-out/>
  <testcase classname="org.PersonalInfoTest.ProductViewTest" name="productDescriptionDetails" time="17.309"/>
  <system-out/>
  <testcase classname="org.PersonalInfoTest.ProductViewTest" name="verifySignUpPage" time="37.569"/>
  <system-out/>
</testsuite> <!-- org.PersonalInfoTest.ProductViewTest -->
