<?xml version="1.0" encoding="UTF-8"?>
<!-- Generated by org.testng.reporters.JUnitReportReporter -->
<testsuite hostname="TCCTL-013" failures="0" tests="2" name="org.PersonalInfoTest.HomeTest" time="12.857" errors="0" timestamp="2023-06-05T20:26:36 IST" skipped="0">
  <testcase classname="org.PersonalInfoTest.HomeTest" name="verifyHomePage" time="0.894"/>
  <system-out/>
  <testcase classname="org.PersonalInfoTest.HomeTest" name="verifyMoreDeals" time="11.963"/>
  <system-out/>
</testsuite> <!-- org.PersonalInfoTest.HomeTest -->
