<?xml version="1.0" encoding="UTF-8"?>
<!-- Generated by org.testng.reporters.JUnitReportReporter -->
<testsuite hostname="TCCTL-013" failures="0" tests="2" name="org.PersonalInfoTest.HomeTest" time="12.224" errors="0" timestamp="2023-06-02T20:25:49 IST" skipped="0">
  <testcase classname="org.PersonalInfoTest.HomeTest" name="verifyHomePage" time="0.796"/>
  <system-out/>
  <testcase classname="org.PersonalInfoTest.HomeTest" name="verifyMoreDeals" time="11.428"/>
  <system-out/>
</testsuite> <!-- org.PersonalInfoTest.HomeTest -->
